JobDocsDEV Launcher Debug Log
frozen: True
app_dir: H:\Jobdocs\JobDocs
sys.executable: H:\Jobdocs\JobDocs\JobDocsDEV2.exe

main.py path: H:\Jobdocs\JobDocs\main.py
main.py exists: True
Searching for Python...
  Found in PATH: C:\Users\allan\AppData\Local\Microsoft\WindowsApps\pythonw.exe
  Found in PATH: C:\Users\allan\AppData\Local\Microsoft\WindowsApps\python.exe
  Found in PATH: C:\Users\allan\AppData\Local\Python\bin\pythonw.exe
  Found in PATH: C:\Users\allan\AppData\Local\Python\bin\python.exe
  Found in local: C:\Users\allan\AppData\Local\Python\pythoncore-3.14-64\pythonw.exe
  Found in local: C:\Users\allan\AppData\Local\Python\pythoncore-3.14-64\python.exe
  Found in local: C:\Users\allan\AppData\Local\Python\pythoncore-3.13-64\pythonw.exe
  Found in local: C:\Users\allan\AppData\Local\Python\pythoncore-3.13-64\python.exe
  Found in local: C:\Users\allan\AppData\Local\Python\bin\pythonw.exe
  Found in local: C:\Users\allan\AppData\Local\Python\bin\python.exe
Selected: C:\Users\allan\AppData\Local\Microsoft\WindowsApps\pythonw.exe
Launching: ['C:\\Users\\allan\\AppData\\Local\\Microsoft\\WindowsApps\\pythonw.exe', 'H:\\Jobdocs\\JobDocs\\main.py']
Process started, PID: 27344
Waiting for process...
Process exited with code: 0
